<?xml version="1.0" encoding="UTF-8"?>
<testng-results ignored="0" total="1" passed="1" failed="0" skipped="0">
  <reporter-output>
  </reporter-output>
  <suite started-at="2024-08-10T17:51:53 IST" name="Default suite" finished-at="2024-08-10T17:52:04 IST" duration-ms="10349">
    <groups>
    </groups>
    <test started-at="2024-08-10T17:51:53 IST" name="Default test" finished-at="2024-08-10T17:52:04 IST" duration-ms="10349">
      <class name="com.qa.testcases.RegisterTest">
        <test-method is-config="true" signature="setup()[pri:0, instance:com.qa.testcases.RegisterTest@4dc27487]" started-at="2024-08-10T17:51:54 IST" name="setup" finished-at="2024-08-10T17:52:01 IST" duration-ms="7606" status="PASS">
          <reporter-output>
          </reporter-output>
        </test-method> <!-- setup -->
        <test-method signature="VerifyRegisterSignup()[pri:0, instance:com.qa.testcases.RegisterTest@4dc27487]" started-at="2024-08-10T17:52:01 IST" name="VerifyRegisterSignup" finished-at="2024-08-10T17:52:04 IST" duration-ms="2531" status="PASS">
          <reporter-output>
          </reporter-output>
        </test-method> <!-- VerifyRegisterSignup -->
      </class> <!-- com.qa.testcases.RegisterTest -->
    </test> <!-- Default test -->
  </suite> <!-- Default suite -->
</testng-results>
